2021-12-23 13:37:47,934 - Start v2.0
2021-12-23 13:37:47,934 - Station: Sävjaån
2021-12-23 13:37:48,062 - Streaming URL: https://api.trafikinfo.trafikverket.se/v2/data.json?ssereqid=19dcd21b-03e1-4fce-a9fe-cd239062a7fb
2021-12-23 15:59:40,549 - Start v2.0
2021-12-23 15:59:40,550 - Station: Sävjaån
2021-12-23 15:59:40,659 - Streaming URL: https://api.trafikinfo.trafikverket.se/v2/data.json?ssereqid=d28be4ae-d292-4796-99fd-623b9ca6b2e9
2021-12-23 16:09:47,681 - Start v2.0
2021-12-23 16:09:47,682 - Station: Sävjaån
2021-12-23 16:09:47,793 - Streaming URL: https://api.trafikinfo.trafikverket.se/v2/data.json?ssereqid=265180cf-5bf0-4ff6-b2a0-7c65a75799ab
2021-12-23 16:12:39,392 - Start v2.0
2021-12-23 16:12:39,392 - Station: Sävjaån
2021-12-23 16:12:39,527 - Streaming URL: https://api.trafikinfo.trafikverket.se/v2/data.json?ssereqid=fe71c070-3030-4ad2-9ffb-7c4a2c98ce62
2021-12-23 17:28:08,498 - Start v2.0
2021-12-23 17:28:08,499 - Station: Sävjaån
2021-12-23 17:28:08,649 - Streaming URL: https://api.trafikinfo.trafikverket.se/v2/data.json?ssereqid=61c65f8f-2faf-4879-a7ca-d022c6e0d376
2021-12-24 09:12:25,158 - Start v2.0
2021-12-24 09:12:25,159 - Station: Sävjaån
2021-12-24 09:12:25,262 - Streaming URL: https://api.trafikinfo.trafikverket.se/v2/data.json?ssereqid=a84b2582-05c5-49bc-afcc-1ee48f99e93f
2021-12-24 09:41:47,646 - Start v2.0
2021-12-24 09:41:47,646 - Station: Sävjaån
2021-12-24 09:41:47,747 - Streaming URL: https://api.trafikinfo.trafikverket.se/v2/data.json?ssereqid=106bebea-4fa1-474a-8151-7f5a4c0ac32e
2021-12-24 09:44:07,880 - Start v2.0
2021-12-24 09:44:07,880 - Station: Sävjaån
2021-12-24 09:44:07,981 - Streaming URL: https://api.trafikinfo.trafikverket.se/v2/data.json?ssereqid=b0526b85-5e72-4c64-906c-6f0991919e60
2021-12-24 09:53:03,078 - Start v2.0
2021-12-24 09:53:03,078 - Station: Sävjaån
2021-12-24 09:53:03,194 - Streaming URL: https://api.trafikinfo.trafikverket.se/v2/data.json?ssereqid=b19e3e5e-8a51-4b87-b6f3-6f1b11caafbc
2021-12-24 10:24:43,740 - Start v2.0
2021-12-24 10:24:43,741 - Station: Sävjaån
2021-12-24 10:24:43,858 - Streaming URL: https://api.trafikinfo.trafikverket.se/v2/data.json?ssereqid=c1d95d11-e84b-4a53-92b1-863e95780c54
2023-06-23 09:02:54,414 - Start v2.0 - Sävjaån
2023-06-23 09:02:54,943 - Streaming URL: https://api.trafikinfo.trafikverket.se/v2/data.json?ssereqid=d5bbfbff-1e2d-41a1-815f-8017d9fd61c3
2023-06-23 09:13:50,486 - Start v2.0 - Sävjaån
2023-06-23 09:13:50,932 - Streaming URL: https://api.trafikinfo.trafikverket.se/v2/data.json?ssereqid=f5e3cbe8-810b-435f-9a29-75fb489f417f
2023-06-23 09:24:46,642 - Start v2.0 - Sävjaån
2023-06-23 09:24:47,134 - Streaming URL: https://api.trafikinfo.trafikverket.se/v2/data.json?ssereqid=53a9d103-97cf-4a35-a0fb-ba5c36d7ec4a
2023-06-23 09:28:05,610 - Start v2.0 - Lund N
2023-06-23 09:28:06,135 - Streaming URL: https://api.trafikinfo.trafikverket.se/v2/data.json?ssereqid=36fbe9d0-0ac6-4f47-af69-eacc7715f2b4
2023-06-23 09:32:59,016 - Start v2.0 - Lund N
2023-06-23 09:32:59,468 - Streaming URL: https://api.trafikinfo.trafikverket.se/v2/data.json?ssereqid=6df8380a-caba-4669-ad5b-5f82be24aa8b
2023-06-23 10:18:55,798 - Start v2.0 - Lund N
2023-06-23 10:18:56,221 - Streaming URL: https://api.trafikinfo.trafikverket.se/v2/data.json?ssereqid=617318e6-fca2-45a7-8cf3-bb996c05cea0
2024-07-03 10:07:03,859 - Start v2.0 - Gårdstånga
2024-07-03 10:07:04,418 - Streaming URL: https://api.trafikinfo.trafikverket.se/v2/data.json?ssereqid=e276d386-d888-4a24-9967-7e1d2e7c6baa
2024-07-10 15:27:38,504 - Start v2.0 - Gårdstånga
2024-07-10 15:27:39,218 - Streaming URL: https://api.trafikinfo.trafikverket.se/v2/data.json?ssereqid=c6b8d330-c9f2-4465-9d06-8c9ab44975e3
2024-07-11 02:58:01,160 - Start v2.0 - Gårdstånga
2024-07-11 02:58:01,718 - Streaming URL: https://api.trafikinfo.trafikverket.se/v2/data.json?ssereqid=204388f8-0b08-4c0c-b99b-4c65450bdd2c
2024-07-11 17:13:08,577 - Start v2.0 - Gårdstånga
2024-07-11 17:13:09,054 - Streaming URL: https://api.trafikinfo.trafikverket.se/v2/data.json?ssereqid=63644f90-0f4e-43b5-a261-04f59d79ebc4
2024-07-13 07:06:27,264 - Start v2.0 - Gårdstånga
2024-07-13 07:06:27,864 - Streaming URL: https://api.trafikinfo.trafikverket.se/v2/data.json?ssereqid=3e5a53e8-5fa9-4793-bbe0-ce9df1944a7f
2024-07-14 12:06:39,779 - Start v2.0 - Gårdstånga
2024-07-14 12:06:40,430 - Streaming URL: https://api.trafikinfo.trafikverket.se/v2/data.json?ssereqid=b3c27982-7426-4efc-a592-0f3743e031bc
2024-07-29 08:11:59,287 - TV: Gårdstånga, empty msg: 200
2024-07-29 11:32:01,333 - TV: Gårdstånga, empty msg: 200
2024-07-29 14:52:03,606 - TV: Gårdstånga, empty msg: 200
2024-07-29 18:12:05,517 - TV: Gårdstånga, empty msg: 200
2024-07-29 21:32:07,083 - TV: Gårdstånga, empty msg: 200
2024-07-30 00:52:09,031 - TV: Gårdstånga, empty msg: 200
2024-07-30 04:12:10,941 - TV: Gårdstånga, empty msg: 200
2024-07-30 07:34:26,808 - TV: Gårdstånga, empty msg: 200
2024-07-30 10:54:28,633 - TV: Gårdstånga, empty msg: 200
2024-07-30 14:14:30,470 - TV: Gårdstånga, empty msg: 200
2024-07-30 17:34:32,054 - TV: Gårdstånga, empty msg: 200
2024-07-30 20:54:33,790 - TV: Gårdstånga, empty msg: 200
2024-07-31 00:16:08,886 - TV: Gårdstånga, empty msg: 200
2024-07-31 03:36:10,535 - TV: Gårdstånga, empty msg: 200
2024-07-31 06:56:12,020 - TV: Gårdstånga, empty msg: 200
2024-07-31 10:23:17,935 - TV: Gårdstånga, empty msg: 200
2024-07-31 13:43:19,550 - TV: Gårdstånga, empty msg: 200
2024-07-31 17:03:21,301 - TV: Gårdstånga, empty msg: 200
2024-07-31 20:23:23,013 - TV: Gårdstånga, empty msg: 200
2024-07-31 23:43:24,687 - TV: Gårdstånga, empty msg: 200
2024-08-01 03:04:51,542 - TV: Gårdstånga, empty msg: 200
2024-08-01 06:27:14,757 - TV: Gårdstånga, empty msg: 200
2024-08-01 09:47:16,781 - TV: Gårdstånga, empty msg: 200
2024-08-01 13:07:18,904 - TV: Gårdstånga, empty msg: 200
2024-08-01 16:35:28,732 - TV: Gårdstånga, empty msg: 200
2024-08-01 19:55:30,236 - TV: Gårdstånga, empty msg: 200
2024-08-01 23:15:31,843 - TV: Gårdstånga, empty msg: 200
2024-08-02 02:35:33,950 - TV: Gårdstånga, empty msg: 200
2024-08-02 05:55:35,659 - TV: Gårdstånga, empty msg: 200
2024-08-02 09:15:37,401 - TV: Gårdstånga, empty msg: 200
2024-08-02 12:37:44,463 - TV: Gårdstånga, empty msg: 200
2024-08-02 15:57:46,184 - TV: Gårdstånga, empty msg: 200
2024-08-02 19:17:47,712 - TV: Gårdstånga, empty msg: 200
2024-08-02 22:44:48,600 - TV: Gårdstånga, empty msg: 200
2024-08-03 02:04:51,034 - TV: Gårdstånga, empty msg: 200
2024-08-03 05:24:54,061 - TV: Gårdstånga, empty msg: 200
2024-08-03 08:44:56,731 - TV: Gårdstånga, empty msg: 200
2024-08-03 12:04:59,389 - TV: Gårdstånga, empty msg: 200
2024-08-03 12:58:51,643 - Start v2.0 - Gårdstånga
2024-08-03 12:58:52,481 - Streaming URL: https://api.trafikinfo.trafikverket.se/v2/data.json?ssereqid=8744873b-f201-4db3-9671-db4f2b01c808
2024-08-03 16:17:54,673 - TV: Gårdstånga, empty msg: 200
2024-08-03 19:37:56,333 - TV: Gårdstånga, empty msg: 200
2024-08-03 22:57:57,812 - TV: Gårdstånga, empty msg: 200
2024-08-04 02:17:59,400 - TV: Gårdstånga, empty msg: 200
2024-08-04 05:38:01,506 - TV: Gårdstånga, empty msg: 200
2024-08-04 08:58:03,231 - TV: Gårdstånga, empty msg: 200
2024-08-04 12:18:05,026 - TV: Gårdstånga, empty msg: 200
2024-08-04 15:38:06,655 - TV: Gårdstånga, empty msg: 200
2024-08-04 19:00:52,887 - TV: Gårdstånga, empty msg: 200
2024-08-04 22:20:54,575 - TV: Gårdstånga, empty msg: 200
2024-08-05 01:40:56,254 - TV: Gårdstånga, empty msg: 200
2024-08-05 05:00:57,936 - TV: Gårdstånga, empty msg: 200
2024-08-05 08:23:00,990 - TV: Gårdstånga, empty msg: 200
2024-08-05 11:43:02,773 - TV: Gårdstånga, empty msg: 200
2024-08-05 15:03:04,800 - TV: Gårdstånga, empty msg: 200
2024-08-05 18:23:06,556 - TV: Gårdstånga, empty msg: 200
2024-08-05 21:43:08,253 - TV: Gårdstånga, empty msg: 200
2024-08-06 00:57:40,333 - Start v2.0 - Gårdstånga
2024-08-06 00:57:40,867 - Streaming URL: https://api.trafikinfo.trafikverket.se/v2/data.json?ssereqid=55e1d9a5-40b0-4d37-bc94-05e5de9ec9d2
2024-08-06 04:16:44,117 - TV: Gårdstånga, empty msg: 200
2024-08-06 07:36:46,764 - TV: Gårdstånga, empty msg: 200
2024-08-06 10:56:49,696 - TV: Gårdstånga, empty msg: 200
2024-08-06 14:16:52,458 - TV: Gårdstånga, empty msg: 200
2024-08-06 17:36:55,148 - TV: Gårdstånga, empty msg: 200
2024-08-06 20:56:57,638 - TV: Gårdstånga, empty msg: 200
2024-08-07 00:17:00,472 - TV: Gårdstånga, empty msg: 200
2024-08-07 03:39:59,425 - TV: Gårdstånga, empty msg: 200
2024-08-07 07:00:01,297 - TV: Gårdstånga, empty msg: 200
2024-08-07 10:20:03,525 - TV: Gårdstånga, empty msg: 200
2024-08-07 13:40:05,438 - TV: Gårdstånga, empty msg: 200
2024-08-07 17:02:54,957 - TV: Gårdstånga, empty msg: 200
2024-08-07 20:22:57,804 - TV: Gårdstånga, empty msg: 200
2024-08-07 23:43:00,619 - TV: Gårdstånga, empty msg: 200
2024-08-08 03:03:03,782 - TV: Gårdstånga, empty msg: 200
2024-08-08 06:23:06,887 - TV: Gårdstånga, empty msg: 200
2024-08-08 09:43:10,056 - TV: Gårdstånga, empty msg: 200
2024-08-08 13:06:37,003 - TV: Gårdstånga, empty msg: 200
2024-08-08 16:26:38,791 - TV: Gårdstånga, empty msg: 200
2024-08-08 19:46:40,704 - TV: Gårdstånga, empty msg: 200
2024-08-08 23:06:42,632 - TV: Gårdstånga, empty msg: 200
2024-08-09 02:26:44,176 - TV: Gårdstånga, empty msg: 200
2024-08-09 05:46:46,094 - TV: Gårdstånga, empty msg: 200
2024-08-09 09:06:48,131 - TV: Gårdstånga, empty msg: 200
2024-08-09 12:26:50,243 - TV: Gårdstånga, empty msg: 200
2024-08-09 15:49:59,884 - TV: Gårdstånga, empty msg: 200
2024-08-09 19:10:01,668 - TV: Gårdstånga, empty msg: 200
2024-08-09 22:30:03,349 - TV: Gårdstånga, empty msg: 200
2024-08-10 01:50:05,057 - TV: Gårdstånga, empty msg: 200
2024-08-10 05:10:06,645 - TV: Gårdstånga, empty msg: 200
2024-08-10 08:30:08,225 - TV: Gårdstånga, empty msg: 200
2024-08-10 11:50:10,604 - TV: Gårdstånga, empty msg: 200
2024-08-10 15:10:12,052 - TV: Gårdstånga, empty msg: 200
2024-08-10 18:30:13,601 - TV: Gårdstånga, empty msg: 200
2024-08-10 22:01:10,109 - TV: Gårdstånga, empty msg: 200
2024-08-11 01:21:12,800 - TV: Gårdstånga, empty msg: 200
2024-08-11 04:41:15,699 - TV: Gårdstånga, empty msg: 200
2024-08-11 08:04:13,297 - TV: Gårdstånga, empty msg: 200
2024-08-11 11:24:15,026 - TV: Gårdstånga, empty msg: 200
2024-08-11 14:44:16,603 - TV: Gårdstånga, empty msg: 200
2024-08-11 18:04:18,210 - TV: Gårdstånga, empty msg: 200
2024-08-11 21:24:19,857 - TV: Gårdstånga, empty msg: 200
2024-08-12 00:44:21,469 - TV: Gårdstånga, empty msg: 200
2024-08-12 04:04:23,722 - TV: Gårdstånga, empty msg: 200
2024-08-12 07:24:25,698 - TV: Gårdstånga, empty msg: 200
2024-08-12 10:44:27,385 - TV: Gårdstånga, empty msg: 200
2024-08-12 14:06:34,158 - TV: Gårdstånga, empty msg: 200
2024-08-12 17:26:38,454 - TV: Gårdstånga, empty msg: 200
2024-08-12 20:46:41,191 - TV: Gårdstånga, empty msg: 200
2024-08-13 00:06:44,388 - TV: Gårdstånga, empty msg: 200
2024-08-13 03:26:47,168 - TV: Gårdstånga, empty msg: 200
2024-08-13 06:48:37,671 - TV: Gårdstånga, empty msg: 200
2024-08-13 10:08:39,674 - TV: Gårdstånga, empty msg: 200
2024-08-13 13:28:41,914 - TV: Gårdstånga, empty msg: 200
2024-08-13 16:58:36,761 - TV: Gårdstånga, empty msg: 200
2024-08-13 20:18:39,752 - TV: Gårdstånga, empty msg: 200
2024-08-13 23:38:42,606 - TV: Gårdstånga, empty msg: 200
2024-08-14 02:58:45,618 - TV: Gårdstånga, empty msg: 200
2024-08-14 06:18:48,992 - TV: Gårdstånga, empty msg: 200
2024-08-14 09:46:56,484 - TV: Gårdstånga, empty msg: 200
2024-08-14 13:06:58,238 - TV: Gårdstånga, empty msg: 200
2024-08-14 16:26:59,885 - TV: Gårdstånga, empty msg: 200
2024-08-14 19:47:01,663 - TV: Gårdstånga, empty msg: 200
2024-08-14 23:09:36,070 - TV: Gårdstånga, empty msg: 200
2024-08-15 02:29:39,051 - TV: Gårdstånga, empty msg: 200
2024-08-15 05:49:41,682 - TV: Gårdstånga, empty msg: 200
2024-08-15 09:09:44,914 - TV: Gårdstånga, empty msg: 200
2024-08-15 12:29:48,468 - TV: Gårdstånga, empty msg: 200
2024-08-15 15:49:51,887 - TV: Gårdstånga, empty msg: 200
2024-08-15 19:13:25,129 - TV: Gårdstånga, empty msg: 200
2024-08-15 22:33:27,813 - TV: Gårdstånga, empty msg: 200
2024-08-16 01:53:30,670 - TV: Gårdstånga, empty msg: 200
2024-08-16 05:13:33,508 - TV: Gårdstånga, empty msg: 200
2024-08-16 08:33:36,731 - TV: Gårdstånga, empty msg: 200
2024-08-16 09:26:24,428 - Start v2.0 - Malmö Ö
2024-08-16 09:26:24,951 - Streaming URL: https://api.trafikinfo.trafikverket.se/v2/data.json?ssereqid=b82fcbe3-6e2b-4d8a-a29b-8c5b36537efd
2024-08-18 13:16:31,163 - Start v2.0 - Malmö Ö
2024-08-18 13:16:31,855 - Streaming URL: https://api.trafikinfo.trafikverket.se/v2/data.json?ssereqid=d5468ebd-d30f-4ec3-9b2b-6cbdf234ae27
2024-08-27 14:25:29,321 - Start v2.0 - Malmö Ö
2024-08-27 14:25:29,890 - Streaming URL: https://api.trafikinfo.trafikverket.se/v2/data.json?ssereqid=22c00f40-b41e-45a9-a172-2f5b9e43225d
2024-08-28 23:57:51,838 - Start v2.0 - Malmö Ö
2024-08-28 23:57:52,443 - Streaming URL: https://api.trafikinfo.trafikverket.se/v2/data.json?ssereqid=aa7a7f46-3c50-40e6-a6a8-031605487dae
2024-08-31 08:45:35,675 - Start v2.0 - Malmö Ö
2024-08-31 08:45:36,271 - Streaming URL: https://api.trafikinfo.trafikverket.se/v2/data.json?ssereqid=8af5dee2-faa9-4dd0-adc0-24218c300d8d
2024-08-31 23:54:21,143 - Start v2.0 - Malmö Ö
2024-08-31 23:54:21,710 - Streaming URL: https://api.trafikinfo.trafikverket.se/v2/data.json?ssereqid=873aef2d-1dcd-4f00-9b24-78e300acd0fe
2024-09-09 00:49:23,988 - Start v2.0 - Malmö Ö
2024-09-09 00:49:24,628 - Streaming URL: https://api.trafikinfo.trafikverket.se/v2/data.json?ssereqid=fd33936d-060f-4deb-a899-f03590ee1267
2024-09-13 06:55:40,053 - Start v2.0 - Malmö Ö
2024-09-13 06:55:40,732 - Streaming URL: https://api.trafikinfo.trafikverket.se/v2/data.json?ssereqid=03828f5f-8eea-4d11-9fe5-cc7494abf08c
2024-09-14 06:54:31,053 - Start v2.0 - Malmö Ö
2024-09-14 06:54:31,542 - Streaming URL: https://api.trafikinfo.trafikverket.se/v2/data.json?ssereqid=c0a19875-21f6-4e6d-957a-71245a65a71a
2024-09-20 01:56:14,455 - Start v2.0 - Malmö Ö
2024-09-20 01:56:15,228 - Streaming URL: https://api.trafikinfo.trafikverket.se/v2/data.json?ssereqid=6dc80cf7-98ea-47e3-bc05-9eda61a27a87
2024-09-29 09:16:47,510 - Start v2.0 - Gårdstånga
2024-09-29 09:16:48,111 - Streaming URL: https://api.trafikinfo.trafikverket.se/v2/data.json?ssereqid=c4a9baee-a8c6-49a8-8ff3-54058888f093
2024-09-29 09:17:55,995 - Start v2.0 - Gårdstånga
2024-09-29 09:17:56,793 - Streaming URL: https://api.trafikinfo.trafikverket.se/v2/data.json?ssereqid=bd7ccc34-18d3-4710-8675-9fa323c9a433
2024-10-19 18:36:11,813 - Start v2.0 - Gårdstånga
2024-10-19 18:36:12,586 - Streaming URL: https://api.trafikinfo.trafikverket.se/v2/data.json?ssereqid=b6baffa6-e00d-4359-b015-b6b8b4444a20
2024-10-24 20:38:49,638 - Start v2.0 - Gårdstånga
2024-10-24 20:38:50,289 - Streaming URL: https://api.trafikinfo.trafikverket.se/v2/data.json?ssereqid=a5ad6ec8-6903-4638-beae-032c12b11e02
2024-10-26 06:54:03,619 - TV: Gårdstånga, empty msg: 200
2024-10-27 09:09:43,938 - Start v2.0 - Gårdstånga
2024-10-27 09:09:44,391 - Streaming URL: https://api.trafikinfo.trafikverket.se/v2/data.json?ssereqid=84501487-7079-4668-9058-2a2ecedd29de
2024-10-28 17:49:07,758 - Start v2.0 - Gårdstånga
2024-10-28 17:49:08,355 - Streaming URL: https://api.trafikinfo.trafikverket.se/v2/data.json?ssereqid=84fc734e-4fe5-4d4a-96e4-280dcbe650a4
2024-10-28 17:50:37,846 - Start v2.0 - Gårdstånga
2024-10-28 17:50:38,321 - Streaming URL: https://api.trafikinfo.trafikverket.se/v2/data.json?ssereqid=a3665abb-5972-4863-ba8e-237be02080d8
2024-10-28 18:20:02,815 - Start v2.0 - Gårdstånga
2024-10-28 18:20:03,435 - Streaming URL: https://api.trafikinfo.trafikverket.se/v2/data.json?ssereqid=828caec9-9bf7-4c5d-b360-437405da01a0
2024-10-28 18:29:31,063 - Start v2.0 - Gårdstånga
2024-10-28 18:29:31,549 - Streaming URL: https://api.trafikinfo.trafikverket.se/v2/data.json?ssereqid=ad72cb3b-fbf2-4d80-aeaa-28d1b8d603e5
2024-10-28 18:32:00,010 - Start v2.0 - Gårdstånga
2024-10-28 18:32:00,494 - Streaming URL: https://api.trafikinfo.trafikverket.se/v2/data.json?ssereqid=5cebaa32-5601-405d-b6de-5c8664d77834
2024-10-28 18:43:00,480 - Start v2.1 - Gårdstånga
2024-10-28 18:43:01,550 - Streaming URL: https://api.trafikinfo.trafikverket.se/v2/data.json?ssereqid=21070470-5b7c-47b4-a657-0fee8618e2a6
2024-10-28 18:46:56,406 - Start v2.1 - Gårdstånga
2024-10-28 18:46:57,916 - Streaming URL: https://api.trafikinfo.trafikverket.se/v2/data.json?ssereqid=9dae62d0-c04a-4925-ab05-2d755fef8e24
2024-10-28 18:58:54,806 - Start v2.1 - Gårdstånga
2024-10-28 18:58:56,824 - Start v2.1 - Gårdstånga
2024-10-28 18:59:03,450 - Streaming URL: https://api.trafikinfo.trafikverket.se/v2/data.json?ssereqid=e16a25fe-0d94-43bc-aa08-ca9aef6cc991
2024-11-04 19:08:29,986 - Start v2.1 - Gårdstånga
2024-11-04 19:08:30,692 - Streaming URL: https://api.trafikinfo.trafikverket.se/v2/data.json?ssereqid=6aab1907-8b31-4a3c-977b-11d317c99f59
2024-11-10 07:45:32,544 - Start v2.1 - Gårdstånga
2024-11-10 07:45:33,216 - Streaming URL: https://api.trafikinfo.trafikverket.se/v2/data.json?ssereqid=d3d057ee-ba82-4c01-a7dc-a7cbfcaa416e
2024-11-11 07:43:40,575 - Start v2.1 - Gårdstånga
2024-11-11 07:43:48,587 - Error connecting to https://api.trafikinfo.trafikverket.se/v2/data.json
2024-11-12 14:56:48,970 - Start v2.1 - Gårdstånga
2024-11-12 14:56:49,496 - Streaming URL: https://api.trafikinfo.trafikverket.se/v2/data.json?ssereqid=bd5870a7-f8ee-4093-9f15-6979f2dd6057
2024-11-12 15:30:43,809 - Start v2.1 - Gårdstånga
2024-11-12 15:30:44,330 - Streaming URL: https://api.trafikinfo.trafikverket.se/v2/data.json?ssereqid=552e07fe-c250-452e-9e57-3f30ae5f4b43
2024-11-12 19:10:19,543 - Start v2.1 - Gårdstånga
2024-11-12 19:10:20,181 - Streaming URL: https://api.trafikinfo.trafikverket.se/v2/data.json?ssereqid=8670be23-7f0e-43ea-bcea-4a5d48bfa33d
2024-11-16 07:56:55,556 - Start v2.1 - Gårdstånga
2024-11-16 08:00:38,907 - Error connecting to https://api.trafikinfo.trafikverket.se/v2/data.json
2024-11-16 08:10:40,558 - Start v2.1 - Gårdstånga
2024-11-16 08:10:41,007 - Streaming URL: https://api.trafikinfo.trafikverket.se/v2/data.json?ssereqid=7b077862-d0c1-4606-b080-d2317fb7fda0
2024-11-16 08:39:59,313 - Start v2.1 - Gårdstånga
2024-11-16 08:40:00,073 - Streaming URL: https://api.trafikinfo.trafikverket.se/v2/data.json?ssereqid=8c0fdf04-6655-49ec-b9ae-20f6cc214897
2024-11-16 09:06:01,849 - Start v2.1 - Gårdstånga
2024-11-16 09:06:05,835 - Streaming URL: https://api.trafikinfo.trafikverket.se/v2/data.json?ssereqid=295702f3-d0d3-4a8d-8b20-64a3c9484955
2024-11-16 09:41:08,811 - Start v2.1 - Gårdstånga
2024-11-16 09:41:23,065 - Error connecting to https://api.trafikinfo.trafikverket.se/v2/data.json
2024-11-16 09:51:24,822 - Start v2.1 - Gårdstånga
2024-11-16 09:51:25,687 - Error connecting to https://api.trafikinfo.trafikverket.se/v2/data.json
2024-11-16 10:01:27,292 - Start v2.1 - Gårdstånga
2024-11-16 10:01:31,821 - Streaming URL: https://api.trafikinfo.trafikverket.se/v2/data.json?ssereqid=867deeae-7e28-434d-bd09-3ac908b23d4f
2024-11-16 10:39:28,270 - Start v2.1 - Gårdstånga
2024-11-16 10:40:24,259 - Streaming URL: https://api.trafikinfo.trafikverket.se/v2/data.json?ssereqid=c427eaf7-92d1-4ba1-8855-626673d469ab
2024-11-16 11:07:28,804 - Start v2.1 - Gårdstånga
2024-11-16 11:07:29,396 - Streaming URL: https://api.trafikinfo.trafikverket.se/v2/data.json?ssereqid=640eb76c-29f0-4214-9265-3861926c6762
2024-11-16 11:42:56,795 - Start v2.1 - Gårdstånga
2024-11-16 11:44:54,363 - Streaming URL: https://api.trafikinfo.trafikverket.se/v2/data.json?ssereqid=b1d304b1-64bd-4814-86de-f56ae1256b0f
2024-11-16 12:14:16,355 - Start v2.1 - Gårdstånga
2024-11-16 12:14:16,814 - Streaming URL: https://api.trafikinfo.trafikverket.se/v2/data.json?ssereqid=14a76288-a888-4d51-8c42-048bb3ea60bd
2024-11-16 12:40:18,536 - Start v2.1 - Gårdstånga
2024-11-16 12:40:19,116 - Streaming URL: https://api.trafikinfo.trafikverket.se/v2/data.json?ssereqid=5316af43-ce24-4867-a258-5528ff6268ea
2024-11-16 13:25:52,584 - Start v2.1 - Gårdstånga
2024-11-16 13:27:49,113 - Streaming URL: https://api.trafikinfo.trafikverket.se/v2/data.json?ssereqid=58562f38-647f-4537-9661-79d9c95c22b5
2024-11-16 13:54:11,079 - Start v2.1 - Gårdstånga
2024-11-16 13:54:11,594 - Streaming URL: https://api.trafikinfo.trafikverket.se/v2/data.json?ssereqid=e0deec05-4527-4367-9c39-6bec6d6d355f
2024-11-16 14:25:50,038 - Start v2.1 - Gårdstånga
2024-11-16 14:26:04,711 - Streaming URL: https://api.trafikinfo.trafikverket.se/v2/data.json?ssereqid=f5613f33-50db-4fd5-b9e1-d3a664b7c8fd
2024-11-16 15:05:52,841 - Start v2.1 - Gårdstånga
2024-11-16 15:05:53,336 - Streaming URL: https://api.trafikinfo.trafikverket.se/v2/data.json?ssereqid=687decc8-6b2f-4799-b51e-9c3a8527199e
2024-11-16 15:37:40,607 - Start v2.1 - Gårdstånga
2024-11-16 15:37:41,147 - Error connecting to https://api.trafikinfo.trafikverket.se/v2/data.json
2024-11-16 15:47:42,821 - Start v2.1 - Gårdstånga
2024-11-16 15:47:43,297 - Streaming URL: https://api.trafikinfo.trafikverket.se/v2/data.json?ssereqid=55afde0f-c879-4baa-b8af-cf7a2e11ab07
2024-11-16 16:28:11,313 - Start v2.1 - Gårdstånga
2024-11-16 16:28:11,823 - Streaming URL: https://api.trafikinfo.trafikverket.se/v2/data.json?ssereqid=950ff51d-dcc5-4df9-aea9-3e4140fe1eae
2024-11-16 17:28:07,055 - Start v2.1 - Gårdstånga
2024-11-16 17:28:07,537 - Streaming URL: https://api.trafikinfo.trafikverket.se/v2/data.json?ssereqid=e7acb825-2562-479f-9513-7484c02155fa
2024-11-16 21:26:21,583 - Start v2.1 - Gårdstånga
2024-11-16 21:26:22,091 - Streaming URL: https://api.trafikinfo.trafikverket.se/v2/data.json?ssereqid=03b3585e-580b-4a97-b854-0ff9127e2cb8
2024-11-16 22:27:43,094 - Start v2.1 - Gårdstånga
2024-11-16 22:27:43,618 - Streaming URL: https://api.trafikinfo.trafikverket.se/v2/data.json?ssereqid=531e0d71-595b-4d49-b07a-eb44263d6337
2024-11-16 23:25:19,083 - Start v2.1 - Gårdstånga
2024-11-16 23:25:19,559 - Streaming URL: https://api.trafikinfo.trafikverket.se/v2/data.json?ssereqid=e8d4e7bb-e611-4e84-9525-a4e8ed1d5728
2024-11-17 02:26:32,828 - Start v2.1 - Gårdstånga
2024-11-17 02:26:33,321 - Streaming URL: https://api.trafikinfo.trafikverket.se/v2/data.json?ssereqid=5f9cd95f-d713-4118-9c7f-18a509c12fe5
2024-11-17 02:53:40,381 - Start v2.1 - Gårdstånga
2024-11-17 02:53:40,935 - Streaming URL: https://api.trafikinfo.trafikverket.se/v2/data.json?ssereqid=2f6c0def-08e5-4514-95b2-3acbda4a4bf5
2024-11-17 03:20:08,058 - Start v2.1 - Gårdstånga
2024-11-17 03:20:08,673 - Streaming URL: https://api.trafikinfo.trafikverket.se/v2/data.json?ssereqid=333d6d25-28ab-47c4-b0f2-540ad2708dd1
2024-11-17 03:53:51,642 - Start v2.1 - Gårdstånga
2024-11-17 03:53:52,506 - Streaming URL: https://api.trafikinfo.trafikverket.se/v2/data.json?ssereqid=17c66958-c0d1-483a-b8c4-4bd49757f9cb
2024-11-17 04:22:14,815 - Start v2.1 - Gårdstånga
2024-11-17 04:22:15,340 - Streaming URL: https://api.trafikinfo.trafikverket.se/v2/data.json?ssereqid=ce5c8fec-d4dc-497e-bfd7-1fbb44cb3ed5
2024-11-17 05:54:18,071 - Start v2.1 - Gårdstånga
2024-11-17 05:54:18,651 - Streaming URL: https://api.trafikinfo.trafikverket.se/v2/data.json?ssereqid=b4d0321f-324d-4ff9-a305-0638d7f4df78
2024-11-17 06:27:50,526 - Start v2.1 - Gårdstånga
2024-11-17 06:27:51,103 - Streaming URL: https://api.trafikinfo.trafikverket.se/v2/data.json?ssereqid=79f7eaee-c70c-4df0-8353-bef15dd6d4be
2024-11-17 09:20:00,265 - Start v2.1 - Gårdstånga
2024-11-17 09:20:00,879 - Streaming URL: https://api.trafikinfo.trafikverket.se/v2/data.json?ssereqid=ffe5a9c1-ee48-4948-97b4-93e1411258f6
2024-11-17 12:46:17,857 - Start v2.1 - Gårdstånga
2024-11-17 12:46:18,398 - Streaming URL: https://api.trafikinfo.trafikverket.se/v2/data.json?ssereqid=6390b06e-a192-47aa-965a-1ed9fc65fa2c
2024-12-15 10:27:01,956 - Start v2.1 - Gårdstånga
2024-12-15 10:27:02,727 - Streaming URL: https://api.trafikinfo.trafikverket.se/v2/data.json?ssereqid=7e35812e-5c00-4ea3-bb32-b9381848c32b
2024-12-15 10:33:45,578 - Start v2.1 - Gårdstånga
2024-12-15 10:33:46,030 - Streaming URL: https://api.trafikinfo.trafikverket.se/v2/data.json?ssereqid=5d8a62cf-dea6-4586-ab30-cdb006d2fa39
2024-12-15 10:50:50,969 - Start v2.1 - Gårdstånga
2024-12-15 10:50:51,438 - Streaming URL: https://api.trafikinfo.trafikverket.se/v2/data.json?ssereqid=64235c4f-36c7-47e0-8a8a-0c5f5490469c
2025-01-08 10:17:22,319 - Start v2.1 - Gårdstånga
2025-01-08 10:17:24,802 - Streaming URL: https://api.trafikinfo.trafikverket.se/v2/data.json?ssereqid=0d7a9baf-ccc0-437f-b7f5-a2f0d4719c38
2025-01-24 19:14:55,950 - Start v2.1 - Gårdstånga
2025-01-24 19:15:31,035 - Error connecting to https://api.trafikinfo.trafikverket.se/v2/data.json
2025-01-24 19:25:42,193 - Start v2.1 - Gårdstånga
2025-01-24 19:25:47,232 - Error connecting to https://api.trafikinfo.trafikverket.se/v2/data.json
2025-01-24 19:35:48,463 - Start v2.1 - Gårdstånga
2025-01-24 19:35:53,502 - Error connecting to https://api.trafikinfo.trafikverket.se/v2/data.json
2025-01-24 19:45:59,720 - Start v2.1 - Gårdstånga
2025-01-24 19:46:04,759 - Error connecting to https://api.trafikinfo.trafikverket.se/v2/data.json
2025-01-24 19:56:10,963 - Start v2.1 - Gårdstånga
2025-01-24 19:56:16,011 - Error connecting to https://api.trafikinfo.trafikverket.se/v2/data.json
2025-01-24 20:06:22,225 - Start v2.1 - Gårdstånga
2025-01-24 20:06:27,263 - Error connecting to https://api.trafikinfo.trafikverket.se/v2/data.json
2025-01-24 20:16:33,482 - Start v2.1 - Gårdstånga
2025-01-24 20:16:38,520 - Error connecting to https://api.trafikinfo.trafikverket.se/v2/data.json
2025-01-24 20:26:44,693 - Start v2.1 - Gårdstånga
2025-01-24 20:26:49,742 - Error connecting to https://api.trafikinfo.trafikverket.se/v2/data.json
2025-01-24 20:36:55,992 - Start v2.1 - Gårdstånga
2025-01-24 20:37:01,030 - Error connecting to https://api.trafikinfo.trafikverket.se/v2/data.json
2025-01-24 20:47:07,216 - Start v2.1 - Gårdstånga
2025-01-24 20:47:12,255 - Error connecting to https://api.trafikinfo.trafikverket.se/v2/data.json
2025-01-24 20:57:18,452 - Start v2.1 - Gårdstånga
2025-01-24 20:57:23,491 - Error connecting to https://api.trafikinfo.trafikverket.se/v2/data.json
2025-01-24 21:07:29,728 - Start v2.1 - Gårdstånga
2025-01-24 21:07:34,768 - Error connecting to https://api.trafikinfo.trafikverket.se/v2/data.json
2025-01-24 21:17:40,944 - Start v2.1 - Gårdstånga
2025-01-24 21:17:45,982 - Error connecting to https://api.trafikinfo.trafikverket.se/v2/data.json
2025-01-24 21:27:52,213 - Start v2.1 - Gårdstånga
2025-01-24 21:27:57,262 - Error connecting to https://api.trafikinfo.trafikverket.se/v2/data.json
2025-01-24 21:38:03,470 - Start v2.1 - Gårdstånga
2025-01-24 21:38:08,509 - Error connecting to https://api.trafikinfo.trafikverket.se/v2/data.json
2025-01-24 21:48:14,710 - Start v2.1 - Gårdstånga
2025-01-24 21:48:19,745 - Error connecting to https://api.trafikinfo.trafikverket.se/v2/data.json
2025-01-24 21:58:25,978 - Start v2.1 - Gårdstånga
2025-01-24 21:58:31,016 - Error connecting to https://api.trafikinfo.trafikverket.se/v2/data.json
2025-01-24 22:08:37,199 - Start v2.1 - Gårdstånga
2025-01-24 22:08:42,247 - Error connecting to https://api.trafikinfo.trafikverket.se/v2/data.json
2025-01-24 22:18:48,451 - Start v2.1 - Gårdstånga
2025-01-24 22:18:53,498 - Error connecting to https://api.trafikinfo.trafikverket.se/v2/data.json
2025-01-24 22:28:59,706 - Start v2.1 - Gårdstånga
2025-01-24 22:29:04,753 - Error connecting to https://api.trafikinfo.trafikverket.se/v2/data.json
2025-01-24 22:39:10,982 - Start v2.1 - Gårdstånga
2025-01-24 22:39:16,030 - Error connecting to https://api.trafikinfo.trafikverket.se/v2/data.json
2025-01-24 22:49:22,465 - Start v2.1 - Gårdstånga
2025-01-24 22:49:27,504 - Error connecting to https://api.trafikinfo.trafikverket.se/v2/data.json
2025-01-24 22:59:28,794 - Start v2.1 - Gårdstånga
2025-01-24 22:59:29,359 - Streaming URL: https://api.trafikinfo.trafikverket.se/v2/data.json?ssereqid=5d364e69-c1fe-420f-9777-7df2bf80e93a
2025-02-01 11:39:17,621 - TV: Gårdstånga, empty msg: 200
2025-02-11 00:47:47,444 - Start v2.1 - Gårdstånga
2025-02-11 00:47:47,975 - Streaming URL: https://api.trafikinfo.trafikverket.se/v2/data.json?ssereqid=50e30930-342a-411e-8f8d-45c55b3eb3fd
2025-02-11 11:11:02,949 - Start v2.1 - Gårdstånga
2025-02-11 11:11:03,639 - Streaming URL: https://api.trafikinfo.trafikverket.se/v2/data.json?ssereqid=680f1d5a-31ee-4b55-86f4-61ca92dfd405
2025-03-01 01:08:35,196 - Start v2.1 - Gårdstånga
2025-03-01 01:08:35,903 - Streaming URL: https://api.trafikinfo.trafikverket.se/v2/data.json?ssereqid=ab41c598-e1de-4b05-adcf-d1903d76ea85
2025-03-01 13:35:50,410 - TV: Gårdstånga, empty msg: 200
2025-03-01 17:02:53,931 - TV: Gårdstånga, empty msg: 200
2025-03-08 23:16:49,545 - Start v2.1 - Gårdstånga
2025-03-08 23:16:50,599 - Streaming URL: https://api.trafikinfo.trafikverket.se/v2/data.json?ssereqid=7808cddb-7c93-4989-af31-53a0deeaca8a
2025-03-12 14:33:36,300 - Start v2.1 - Gårdstånga
2025-03-12 14:34:11,388 - Error connecting to https://api.trafikinfo.trafikverket.se/v2/data.json
2025-03-12 14:44:22,719 - Start v2.1 - Gårdstånga
2025-03-12 14:44:23,263 - Streaming URL: https://api.trafikinfo.trafikverket.se/v2/data.json?ssereqid=255bc183-fe28-4988-8616-771b82ea4f7a
2025-03-18 04:31:07,490 - Start v2.1 - Gårdstånga
2025-03-18 04:31:08,309 - Streaming URL: https://api.trafikinfo.trafikverket.se/v2/data.json?ssereqid=b01694b5-ba4a-422f-8e5d-a7a9327ab42b
2025-03-25 08:17:26,061 - Start v2.1 - Gårdstånga
2025-03-25 08:17:26,193 - Error connecting to https://api.trafikinfo.trafikverket.se/v2/data.json
2025-03-25 14:40:53,065 - Start v2.1 - Gårdstånga
2025-03-25 14:40:54,027 - Streaming URL: https://api.trafikinfo.trafikverket.se/v2/data.json?ssereqid=55313e36-b0d3-4975-8ac1-dca13bc58646
2025-03-29 13:38:52,719 - TV: Gårdstånga, empty msg: 200
2025-03-29 17:08:04,679 - TV: Gårdstånga, empty msg: 200
2025-03-30 17:20:48,436 - Start v2.1 - Gårdstånga
2025-03-30 17:20:48,949 - Streaming URL: https://api.trafikinfo.trafikverket.se/v2/data.json?ssereqid=873645fa-74a7-4b0e-b42a-f5a8af647dff
2025-03-31 12:09:06,358 - Start v2.1 - Gårdstånga
2025-03-31 12:09:06,984 - Streaming URL: https://api.trafikinfo.trafikverket.se/v2/data.json?ssereqid=30aeac6a-dc17-4b44-941a-cbdea1c882c4
2025-04-04 18:46:24,533 - Start v2.1 - Gårdstånga
2025-04-04 18:46:25,016 - Streaming URL: https://api.trafikinfo.trafikverket.se/v2/data.json?ssereqid=85c13cd3-c671-453b-a3b3-760c7eacb1f6
2025-04-10 11:35:54,123 - Start v2.1 - Gårdstånga
2025-04-10 11:35:54,721 - Streaming URL: https://api.trafikinfo.trafikverket.se/v2/data.json?ssereqid=07d05f31-c861-413a-81aa-00a99c086490
2025-04-11 00:53:07,738 - Start v2.1 - Gårdstånga
2025-04-11 00:53:08,256 - Streaming URL: https://api.trafikinfo.trafikverket.se/v2/data.json?ssereqid=280d321a-cfd5-496d-9b42-fbdb3cd6d0bb
2025-04-23 01:35:10,941 - Start v2.1 - Gårdstånga
2025-04-23 01:35:11,392 - Streaming URL: https://api.trafikinfo.trafikverket.se/v2/data.json?ssereqid=62e77846-7279-40d0-ac58-78a8598150be
2025-04-26 13:34:10,028 - TV: Gårdstånga, empty msg: 200
2025-04-26 16:54:11,671 - TV: Gårdstånga, empty msg: 200
2025-04-30 22:37:57,957 - Start v2.1 - Gårdstånga
2025-04-30 22:37:58,618 - Streaming URL: https://api.trafikinfo.trafikverket.se/v2/data.json?ssereqid=9125126b-9519-4de1-b59c-daf96e0c6a7a
2025-05-23 12:47:14,664 - Start v2.1 - Gårdstånga
2025-05-23 12:47:54,756 - Error connecting to https://api.trafikinfo.trafikverket.se/v2/data.json
2025-05-23 12:58:10,993 - Start v2.1 - Gårdstånga
2025-05-23 12:58:46,077 - Error connecting to https://api.trafikinfo.trafikverket.se/v2/data.json
2025-05-23 13:08:57,214 - Start v2.1 - Gårdstånga
2025-05-23 13:09:32,298 - Error connecting to https://api.trafikinfo.trafikverket.se/v2/data.json
2025-05-23 13:19:43,727 - Start v2.1 - Gårdstånga
2025-05-23 13:20:13,807 - Error connecting to https://api.trafikinfo.trafikverket.se/v2/data.json
2025-05-23 13:30:24,954 - Start v2.1 - Gårdstånga
2025-05-23 13:30:55,046 - Error connecting to https://api.trafikinfo.trafikverket.se/v2/data.json
2025-05-23 13:41:06,482 - Start v2.1 - Gårdstånga
2025-05-23 13:41:16,546 - Error connecting to https://api.trafikinfo.trafikverket.se/v2/data.json
2025-05-23 13:51:22,719 - Start v2.1 - Gårdstånga
2025-05-23 13:51:23,172 - Streaming URL: https://api.trafikinfo.trafikverket.se/v2/data.json?ssereqid=112a3e53-5fe7-4733-ae8d-41f9546f533d
2025-05-23 14:41:08,723 - Start v2.1 - Gårdstånga
2025-05-23 14:41:09,182 - Streaming URL: https://api.trafikinfo.trafikverket.se/v2/data.json?ssereqid=02d8c3fd-9278-4910-9839-6ea4e551a247
2025-05-26 20:21:17,515 - Start v2.1 - Gårdstånga
2025-05-26 20:21:18,965 - Streaming URL: https://api.trafikinfo.trafikverket.se/v2/data.json?ssereqid=a66bb196-162c-427d-8a31-c955d0d8a913
2025-05-26 20:23:58,330 - Start v2.1 - Gårdstånga
2025-05-26 20:23:58,446 - Error connecting to https://api.trafikinfo.trafikverket.se/v2/data.json
2025-05-26 20:42:45,552 - Start v2.1 - Lund N
2025-05-26 20:42:46,852 - Streaming URL: https://api.trafikinfo.trafikverket.se/v2/data.json?ssereqid=4dcff44d-e23f-4a03-8ec3-3362a000a359
2025-05-26 20:52:56,068 - Start v2.1 - Lund N
2025-05-26 20:52:56,601 - Streaming URL: https://api.trafikinfo.trafikverket.se/v2/data.json?ssereqid=9ad3da01-3634-4915-a442-2f3bd8e3f4d2
2025-05-27 13:43:28,257 - Start v2.1 - Lund N
2025-05-27 13:43:28,799 - Streaming URL: https://api.trafikinfo.trafikverket.se/v2/data.json?ssereqid=703387b8-e580-4995-9882-dbe894d61940
2025-05-27 21:38:12,890 - Start v2.1 - Lund N
2025-05-27 21:38:13,381 - Streaming URL: https://api.trafikinfo.trafikverket.se/v2/data.json?ssereqid=d9f49d98-18bf-4947-8daa-12a471bd187b
2025-06-15 14:07:12,638 - Start v2.1 - Lund N
2025-06-15 14:07:13,238 - Streaming URL: https://api.trafikinfo.trafikverket.se/v2/data.json?ssereqid=aa8696ae-1a96-46ea-9845-c6e1cac1c3c3
2025-06-19 08:58:06,142 - Start v2.1 - Lund N
2025-06-19 08:58:06,781 - Streaming URL: https://api.trafikinfo.trafikverket.se/v2/data.json?ssereqid=4641071c-0933-4c02-99a8-f7f6ff3b6424
2025-06-27 14:01:59,631 - Start v2.1 - Lund N
2025-06-27 14:02:00,633 - Streaming URL: https://api.trafikinfo.trafikverket.se/v2/data.json?ssereqid=b9c2a5ff-b34e-4c94-96dc-7c909c39c4a8
2025-07-04 17:54:53,245 - Start v2.1 - Lund N
2025-07-04 17:54:54,041 - Streaming URL: https://api.trafikinfo.trafikverket.se/v2/data.json?ssereqid=88e65887-9309-4408-a3b1-15857a955f3f
2025-07-14 07:20:35,663 - Start v2.1 - Lund N
2025-07-14 07:20:36,394 - Streaming URL: https://api.trafikinfo.trafikverket.se/v2/data.json?ssereqid=a38c76c0-ebef-4185-af72-4b6d9ea7c420
2025-07-21 09:34:09,944 - Start v2.1 - Lund N
2025-07-21 09:34:10,439 - Streaming URL: https://api.trafikinfo.trafikverket.se/v2/data.json?ssereqid=0facf54d-19a3-4a0f-a186-688626b12c25
2025-07-25 19:40:45,307 - Start v2.1 - Lund N
2025-07-25 19:40:46,039 - Streaming URL: https://api.trafikinfo.trafikverket.se/v2/data.json?ssereqid=c2577aa0-f93c-46c0-80a8-a8c7a975ce19
2025-07-31 03:03:05,731 - Start v2.1 - Lund N
2025-07-31 03:03:06,267 - Streaming URL: https://api.trafikinfo.trafikverket.se/v2/data.json?ssereqid=e36a2c10-7700-40ad-8725-9985f4503ecc
2025-08-14 13:29:14,732 - TV: Lund N, empty msg: 200
2025-08-14 16:56:12,319 - TV: Lund N, empty msg: 200
2025-08-14 20:16:14,755 - TV: Lund N, empty msg: 200
2025-08-14 23:36:16,269 - TV: Lund N, empty msg: 200
2025-08-15 02:56:17,877 - TV: Lund N, empty msg: 200
2025-08-15 06:16:19,445 - TV: Lund N, empty msg: 200
2025-08-15 09:36:21,269 - TV: Lund N, empty msg: 200
