2024-07-04 12:29:45,939 - Start v2.0 - Karlshamn
2024-07-04 12:29:46,493 - Streaming URL: https://api.trafikinfo.trafikverket.se/v2/data.json?ssereqid=10dea487-50d6-47b2-be12-ab4c422bdc25
2024-07-04 19:51:53,284 - Start v2.0 - Karlshamn
2024-07-04 19:51:53,872 - Streaming URL: https://api.trafikinfo.trafikverket.se/v2/data.json?ssereqid=cbedd2b4-0a69-4da8-abdf-00e7602784c0
2024-07-10 15:27:40,595 - Start v2.0 - Karlshamn
2024-07-10 15:27:41,136 - Streaming URL: https://api.trafikinfo.trafikverket.se/v2/data.json?ssereqid=54485d0f-3efb-4c6b-b3e4-c7c77f01d0f3
2024-07-11 02:58:32,148 - Start v2.0 - Karlshamn
2024-07-11 02:58:32,745 - Streaming URL: https://api.trafikinfo.trafikverket.se/v2/data.json?ssereqid=d0dfbaef-0473-47ae-8378-85a0eefd7709
2024-07-11 17:12:45,552 - Start v2.0 - Karlshamn
2024-07-11 17:12:46,099 - Streaming URL: https://api.trafikinfo.trafikverket.se/v2/data.json?ssereqid=7e37af92-c1ab-4354-87bc-83b4a491c705
2024-08-10 02:15:19,167 - Start v2.0 - Karlshamn
2024-08-10 02:15:19,660 - Streaming URL: https://api.trafikinfo.trafikverket.se/v2/data.json?ssereqid=3c284efa-c221-4e24-b8cc-d27724dd586b
2024-08-11 23:59:57,100 - Start v2.0 - Karlshamn
2024-08-11 23:59:57,627 - Streaming URL: https://api.trafikinfo.trafikverket.se/v2/data.json?ssereqid=1b7aaa69-408a-4fae-94bf-3e8b471c0c4a
2024-08-18 01:00:51,745 - Start v2.0 - Karlshamn
2024-08-18 01:00:52,297 - Streaming URL: https://api.trafikinfo.trafikverket.se/v2/data.json?ssereqid=dfca120f-3d83-4008-aff9-2fe23302161a
2024-08-27 14:24:59,626 - Start v2.0 - Karlshamn
2024-08-27 14:25:00,425 - Streaming URL: https://api.trafikinfo.trafikverket.se/v2/data.json?ssereqid=06551d75-7859-4307-9a9b-5e5273ef5a47
2024-09-13 06:56:18,076 - Start v2.0 - Karlshamn
2024-09-13 06:56:18,604 - Streaming URL: https://api.trafikinfo.trafikverket.se/v2/data.json?ssereqid=df387565-1742-4986-b675-c3bb75287d32
2024-09-14 06:51:49,008 - Start v2.0 - Karlshamn
2024-09-14 06:51:49,600 - Streaming URL: https://api.trafikinfo.trafikverket.se/v2/data.json?ssereqid=9b173fac-e985-456d-ada9-59329aa48511
2024-09-20 00:24:27,145 - Start v2.0 - Karlshamn
2024-09-20 00:24:27,683 - Streaming URL: https://api.trafikinfo.trafikverket.se/v2/data.json?ssereqid=218d8bc2-4378-46ee-96b8-446423657b1b
2024-09-20 01:56:37,777 - Start v2.0 - Karlshamn
2024-09-20 01:56:38,316 - Streaming URL: https://api.trafikinfo.trafikverket.se/v2/data.json?ssereqid=49d91368-f4a4-4e7a-95b8-25a573965a0b
2024-09-22 07:48:19,584 - Start v2.0 - Karlshamn
2024-09-22 07:48:20,237 - Streaming URL: https://api.trafikinfo.trafikverket.se/v2/data.json?ssereqid=15943d62-d379-4a5c-9ab0-d04218808588
2024-09-26 20:00:53,619 - Start v2.0 - Karlshamn
2024-09-26 20:00:54,314 - Streaming URL: https://api.trafikinfo.trafikverket.se/v2/data.json?ssereqid=e6ff3074-0d35-40ab-bb0b-9b7e49a64cb8
2024-09-28 01:16:41,166 - Start v2.0 - Karlshamn
2024-09-28 01:16:41,885 - Streaming URL: https://api.trafikinfo.trafikverket.se/v2/data.json?ssereqid=4055818c-6c6b-4242-88a1-1b1664241b78
2024-10-02 14:48:25,495 - Start v2.0 - Karlshamn
2024-10-02 14:48:26,162 - Streaming URL: https://api.trafikinfo.trafikverket.se/v2/data.json?ssereqid=7e0d6b7c-f17c-4fe7-ba82-d8f729662aec
2024-10-02 21:17:18,835 - Start v2.0 - Karlshamn
2024-10-02 21:17:19,404 - Streaming URL: https://api.trafikinfo.trafikverket.se/v2/data.json?ssereqid=511f9b22-862f-405e-b187-00d5aa024024
2024-10-15 08:04:34,559 - Start v2.0 - Karlshamn
2024-10-15 08:04:35,217 - Streaming URL: https://api.trafikinfo.trafikverket.se/v2/data.json?ssereqid=de821916-76ce-4e89-9e66-f54f48243de6
2024-10-16 05:05:19,903 - Start v2.0 - Karlshamn
2024-10-16 05:05:20,929 - Streaming URL: https://api.trafikinfo.trafikverket.se/v2/data.json?ssereqid=a04d0057-a6d5-41c9-abbf-f0490bd0f1ec
2024-10-19 18:36:11,813 - Start v2.0 - Karlshamn
2024-10-19 18:36:12,576 - Streaming URL: https://api.trafikinfo.trafikverket.se/v2/data.json?ssereqid=dc471bc6-430c-4bd9-af18-8937eec9d104
2024-10-26 06:53:16,720 - TV: Karlshamn, empty msg: 200
2024-10-27 09:09:38,341 - Start v2.0 - Karlshamn
2024-10-27 09:09:38,810 - Streaming URL: https://api.trafikinfo.trafikverket.se/v2/data.json?ssereqid=dda5f2fd-c7f1-41ac-8402-7dd7f20c0dcf
2024-10-28 18:36:02,716 - Start v2.0 - Karlshamn
2024-10-28 18:36:03,170 - Streaming URL: https://api.trafikinfo.trafikverket.se/v2/data.json?ssereqid=a5a3530f-2b60-4475-b66c-da87a9982647
2024-10-28 18:43:00,519 - Start v2.1 - Karlshamn
2024-10-28 18:43:01,548 - Streaming URL: https://api.trafikinfo.trafikverket.se/v2/data.json?ssereqid=d81592a3-279f-48fb-bb95-5af5025751df
2024-10-28 18:46:56,342 - Start v2.1 - Karlshamn
2024-10-28 18:46:57,382 - Streaming URL: https://api.trafikinfo.trafikverket.se/v2/data.json?ssereqid=8483c62e-6599-4e52-b43e-58af6feda3c1
2024-10-28 18:58:00,067 - Start v2.1 - Karlshamn
2024-10-28 18:58:00,693 - Streaming URL: https://api.trafikinfo.trafikverket.se/v2/data.json?ssereqid=a21d0796-32ba-477b-927b-3930acbeb347
2024-10-28 18:58:56,915 - Start v2.1 - Karlshamn
2024-10-28 18:58:58,409 - Streaming URL: https://api.trafikinfo.trafikverket.se/v2/data.json?ssereqid=6c8d5ad3-2395-43e3-81d9-8a84498f4e8f
2024-11-04 19:13:42,825 - Start v2.1 - Karlshamn
2024-11-04 19:13:43,403 - Streaming URL: https://api.trafikinfo.trafikverket.se/v2/data.json?ssereqid=c6ccb8e6-74f3-4115-9935-1291abe2252f
2024-11-11 07:19:54,674 - Start v2.1 - Karlshamn
2024-11-11 07:19:55,317 - Error connecting to https://api.trafikinfo.trafikverket.se/v2/data.json
2024-11-12 14:57:32,323 - Start v2.1 - Karlshamn
2024-11-12 14:57:32,791 - Streaming URL: https://api.trafikinfo.trafikverket.se/v2/data.json?ssereqid=63083872-d7ea-4a6d-96fa-f91fddeb97d5
2024-11-12 15:30:38,892 - Start v2.1 - Karlshamn
2024-11-12 15:30:39,409 - Streaming URL: https://api.trafikinfo.trafikverket.se/v2/data.json?ssereqid=76bfc8c0-544d-41bb-a9fe-923be25a1807
2024-11-12 19:09:33,323 - Start v2.1 - Karlshamn
2024-11-12 19:09:33,784 - Streaming URL: https://api.trafikinfo.trafikverket.se/v2/data.json?ssereqid=5082d0fd-63d6-42ab-bff0-476d64d3134e
2024-11-14 12:08:13,105 - Start v2.1 - Karlshamn
2024-11-14 12:08:13,912 - Streaming URL: https://api.trafikinfo.trafikverket.se/v2/data.json?ssereqid=1d9ca005-37c4-4346-98dc-d4d18c6a6c5e
2024-11-16 07:56:56,534 - Start v2.1 - Karlshamn
2024-11-16 08:00:44,025 - Error connecting to https://api.trafikinfo.trafikverket.se/v2/data.json
2024-11-16 08:10:45,531 - Start v2.1 - Karlshamn
2024-11-16 08:10:45,982 - Streaming URL: https://api.trafikinfo.trafikverket.se/v2/data.json?ssereqid=209409f2-8ea3-478f-a796-fd27136f7550
2024-11-16 09:05:51,440 - Start v2.1 - Karlshamn
2024-11-16 09:05:55,597 - Streaming URL: https://api.trafikinfo.trafikverket.se/v2/data.json?ssereqid=6d42c57e-0f8f-4926-9f81-d8f4a5fa723c
2024-11-16 09:30:51,573 - Start v2.1 - Karlshamn
2024-11-16 09:30:52,836 - Error connecting to https://api.trafikinfo.trafikverket.se/v2/data.json
2024-11-16 09:40:54,249 - Start v2.1 - Karlshamn
2024-11-16 09:41:50,679 - Streaming URL: https://api.trafikinfo.trafikverket.se/v2/data.json?ssereqid=23144e97-f272-4f2b-8ff9-9b5cfb9719ba
2024-11-16 10:07:53,050 - Start v2.1 - Karlshamn
2024-11-16 10:07:53,533 - Streaming URL: https://api.trafikinfo.trafikverket.se/v2/data.json?ssereqid=c3b95fc5-c4a5-46fe-a260-1fb47fb17de7
2024-11-16 10:39:26,137 - Start v2.1 - Karlshamn
2024-11-16 10:41:19,953 - Streaming URL: https://api.trafikinfo.trafikverket.se/v2/data.json?ssereqid=54fe5c2b-f1b1-4ae4-9a52-e3a6fa48e1b4
2024-11-16 11:06:21,801 - Start v2.1 - Karlshamn
2024-11-16 11:06:22,188 - Error connecting to https://api.trafikinfo.trafikverket.se/v2/data.json
2024-11-16 11:16:23,805 - Start v2.1 - Karlshamn
2024-11-16 11:19:29,349 - Error connecting to https://api.trafikinfo.trafikverket.se/v2/data.json
2024-11-16 11:29:31,051 - Start v2.1 - Karlshamn
2024-11-16 11:32:51,687 - Error connecting to https://api.trafikinfo.trafikverket.se/v2/data.json
2024-11-16 11:42:53,315 - Start v2.1 - Karlshamn
2024-11-16 11:44:49,205 - Streaming URL: https://api.trafikinfo.trafikverket.se/v2/data.json?ssereqid=bd0b15e3-fc3a-4f31-94b5-ae36f8d49ca3
2024-11-16 12:14:36,038 - Start v2.1 - Karlshamn
2024-11-16 12:14:36,509 - Streaming URL: https://api.trafikinfo.trafikverket.se/v2/data.json?ssereqid=c5de08ad-c904-490e-a1ff-a042d63fb386
2024-11-16 12:41:38,334 - Start v2.1 - Karlshamn
2024-11-16 12:43:36,910 - Streaming URL: https://api.trafikinfo.trafikverket.se/v2/data.json?ssereqid=75501964-a43f-43c6-92e6-893b16df316d
2024-11-16 13:11:38,813 - Start v2.1 - Karlshamn
2024-11-16 13:11:41,077 - Streaming URL: https://api.trafikinfo.trafikverket.se/v2/data.json?ssereqid=f31cf6e5-30f3-41e0-b3a7-202ec229725e
2024-11-16 13:41:23,048 - Start v2.1 - Karlshamn
2024-11-16 13:41:23,523 - Streaming URL: https://api.trafikinfo.trafikverket.se/v2/data.json?ssereqid=da389e4d-2812-48ea-8afb-fef977b4a73b
2024-11-16 14:06:25,336 - Start v2.1 - Karlshamn
2024-11-16 14:06:25,850 - Streaming URL: https://api.trafikinfo.trafikverket.se/v2/data.json?ssereqid=a4819bf1-d9c1-481b-89f3-e5c96b7c8377
2024-11-16 15:13:41,008 - Start v2.1 - Karlshamn
2024-11-16 15:13:41,491 - Streaming URL: https://api.trafikinfo.trafikverket.se/v2/data.json?ssereqid=0e72f1b5-c4b2-45cf-a114-8cac00e36bf0
2024-11-16 16:26:28,094 - Start v2.1 - Karlshamn
2024-11-16 16:26:28,595 - Streaming URL: https://api.trafikinfo.trafikverket.se/v2/data.json?ssereqid=1a03ae6e-0263-47f1-907c-e653d6bb628a
2024-11-16 17:26:28,795 - Start v2.1 - Karlshamn
2024-11-16 17:26:29,296 - Streaming URL: https://api.trafikinfo.trafikverket.se/v2/data.json?ssereqid=e9b293b2-647a-41a0-b1b9-914918e4402f
2024-11-16 21:42:43,558 - Start v2.1 - Karlshamn
2024-11-16 21:42:44,135 - Streaming URL: https://api.trafikinfo.trafikverket.se/v2/data.json?ssereqid=200f000e-1353-4dd9-8f84-02da2e1575b3
2024-11-16 22:15:54,549 - Start v2.1 - Karlshamn
2024-11-16 22:15:55,055 - Streaming URL: https://api.trafikinfo.trafikverket.se/v2/data.json?ssereqid=ba286844-099c-4991-a1b6-1bfebbd7ea10
2024-11-17 01:25:42,728 - Start v2.1 - Karlshamn
2024-11-17 01:25:43,925 - Streaming URL: https://api.trafikinfo.trafikverket.se/v2/data.json?ssereqid=561d2b2c-dc4e-4db5-80e9-a9077b5cd6ef
2024-11-17 02:53:40,364 - Start v2.1 - Karlshamn
2024-11-17 02:53:40,974 - Streaming URL: https://api.trafikinfo.trafikverket.se/v2/data.json?ssereqid=1059437f-0679-4b4c-b279-c633f0529c56
2024-11-17 03:21:43,552 - Start v2.1 - Karlshamn
2024-11-17 03:21:44,073 - Streaming URL: https://api.trafikinfo.trafikverket.se/v2/data.json?ssereqid=86fbad55-1b08-46c6-8d9d-885b97ed62e6
2024-11-17 03:53:51,653 - Start v2.1 - Karlshamn
2024-11-17 03:53:52,492 - Streaming URL: https://api.trafikinfo.trafikverket.se/v2/data.json?ssereqid=2d43ee13-fd8f-409d-92ab-19841f9212e3
2024-11-17 04:54:51,568 - Start v2.1 - Karlshamn
2024-11-17 04:54:52,079 - Streaming URL: https://api.trafikinfo.trafikverket.se/v2/data.json?ssereqid=61c9bb5b-ac4a-494e-bbb7-d2e9d907d12f
2024-11-17 05:19:53,898 - Start v2.1 - Karlshamn
2024-11-17 05:19:54,603 - Streaming URL: https://api.trafikinfo.trafikverket.se/v2/data.json?ssereqid=623da0ec-ab48-4f64-9575-548fd5eee505
2024-11-17 06:58:29,327 - Start v2.1 - Karlshamn
2024-11-17 06:58:29,911 - Streaming URL: https://api.trafikinfo.trafikverket.se/v2/data.json?ssereqid=29118257-af71-422c-8178-51ebd141ccba
2024-11-17 12:47:03,319 - Start v2.1 - Karlshamn
2024-11-17 12:47:04,195 - Streaming URL: https://api.trafikinfo.trafikverket.se/v2/data.json?ssereqid=08976627-ac31-49b7-af51-eee8776d4295
2024-11-24 17:56:48,390 - Start v2.1 - Bräkne-Hoby
2024-11-24 17:56:48,880 - Streaming URL: https://api.trafikinfo.trafikverket.se/v2/data.json?ssereqid=0c03f4f8-0f0f-4f8c-a181-01f778379cf0
2024-11-25 10:27:51,405 - Start v2.1 - Bräkne-Hoby
2024-11-25 10:27:51,899 - Streaming URL: https://api.trafikinfo.trafikverket.se/v2/data.json?ssereqid=6a47e392-eedf-4408-a42a-a4ff263eeb48
2025-01-08 10:17:22,342 - Start v2.1 - Bräkne-Hoby
2025-01-08 10:17:24,872 - Streaming URL: https://api.trafikinfo.trafikverket.se/v2/data.json?ssereqid=b56888bc-ba2b-4224-9e33-1159f521b7ac
2025-01-10 20:43:47,124 - Start v2.1 - Bräkne-Hoby
2025-01-10 20:43:47,739 - Streaming URL: https://api.trafikinfo.trafikverket.se/v2/data.json?ssereqid=dcc26ed2-220c-44dd-8da5-64f49bbefda4
2025-01-24 19:14:39,226 - Start v2.1 - Bräkne-Hoby
2025-01-24 19:14:59,332 - Error connecting to https://api.trafikinfo.trafikverket.se/v2/data.json
2025-01-24 19:25:10,730 - Start v2.1 - Bräkne-Hoby
2025-01-24 19:25:15,769 - Error connecting to https://api.trafikinfo.trafikverket.se/v2/data.json
2025-01-24 19:35:17,200 - Start v2.1 - Bräkne-Hoby
2025-01-24 19:35:22,239 - Error connecting to https://api.trafikinfo.trafikverket.se/v2/data.json
2025-01-24 19:45:23,477 - Start v2.1 - Bräkne-Hoby
2025-01-24 19:45:28,516 - Error connecting to https://api.trafikinfo.trafikverket.se/v2/data.json
2025-01-24 19:55:29,740 - Start v2.1 - Bräkne-Hoby
2025-01-24 19:55:34,785 - Error connecting to https://api.trafikinfo.trafikverket.se/v2/data.json
2025-01-24 20:05:35,959 - Start v2.1 - Bräkne-Hoby
2025-01-24 20:05:40,998 - Error connecting to https://api.trafikinfo.trafikverket.se/v2/data.json
2025-01-24 20:15:42,231 - Start v2.1 - Bräkne-Hoby
2025-01-24 20:15:47,269 - Error connecting to https://api.trafikinfo.trafikverket.se/v2/data.json
2025-01-24 20:25:48,467 - Start v2.1 - Bräkne-Hoby
2025-01-24 20:25:53,504 - Error connecting to https://api.trafikinfo.trafikverket.se/v2/data.json
2025-01-24 20:35:54,733 - Start v2.1 - Bräkne-Hoby
2025-01-24 20:35:59,780 - Error connecting to https://api.trafikinfo.trafikverket.se/v2/data.json
2025-01-24 20:46:00,968 - Start v2.1 - Bräkne-Hoby
2025-01-24 20:46:06,006 - Error connecting to https://api.trafikinfo.trafikverket.se/v2/data.json
2025-01-24 20:56:07,215 - Start v2.1 - Bräkne-Hoby
2025-01-24 20:56:12,254 - Error connecting to https://api.trafikinfo.trafikverket.se/v2/data.json
2025-01-24 21:06:13,485 - Start v2.1 - Bräkne-Hoby
2025-01-24 21:06:18,523 - Error connecting to https://api.trafikinfo.trafikverket.se/v2/data.json
2025-01-24 21:16:19,707 - Start v2.1 - Bräkne-Hoby
2025-01-24 21:16:24,748 - Error connecting to https://api.trafikinfo.trafikverket.se/v2/data.json
2025-01-24 21:26:25,959 - Start v2.1 - Bräkne-Hoby
2025-01-24 21:26:31,005 - Error connecting to https://api.trafikinfo.trafikverket.se/v2/data.json
2025-01-24 21:36:37,227 - Start v2.1 - Bräkne-Hoby
2025-01-24 21:36:42,267 - Error connecting to https://api.trafikinfo.trafikverket.se/v2/data.json
2025-01-24 21:46:43,471 - Start v2.1 - Bräkne-Hoby
2025-01-24 21:46:48,511 - Error connecting to https://api.trafikinfo.trafikverket.se/v2/data.json
2025-01-24 21:56:49,727 - Start v2.1 - Bräkne-Hoby
2025-01-24 21:56:54,765 - Error connecting to https://api.trafikinfo.trafikverket.se/v2/data.json
2025-01-24 22:06:55,962 - Start v2.1 - Bräkne-Hoby
2025-01-24 22:07:01,002 - Error connecting to https://api.trafikinfo.trafikverket.se/v2/data.json
2025-01-24 22:17:02,206 - Start v2.1 - Bräkne-Hoby
2025-01-24 22:17:07,252 - Error connecting to https://api.trafikinfo.trafikverket.se/v2/data.json
2025-01-24 22:27:08,470 - Start v2.1 - Bräkne-Hoby
2025-01-24 22:27:13,507 - Error connecting to https://api.trafikinfo.trafikverket.se/v2/data.json
2025-01-24 22:37:14,733 - Start v2.1 - Bräkne-Hoby
2025-01-24 22:37:19,773 - Error connecting to https://api.trafikinfo.trafikverket.se/v2/data.json
2025-01-24 22:47:20,975 - Start v2.1 - Bräkne-Hoby
2025-01-24 22:47:26,023 - Error connecting to https://api.trafikinfo.trafikverket.se/v2/data.json
2025-01-24 22:57:27,229 - Start v2.1 - Bräkne-Hoby
2025-01-24 22:57:27,469 - Streaming URL: https://api.trafikinfo.trafikverket.se/v2/data.json?ssereqid=ae41d603-35e7-4dea-a014-92205ccbea4c
2025-01-27 18:24:18,648 - Start v2.1 - Bräkne-Hoby
2025-01-27 18:24:19,496 - Streaming URL: https://api.trafikinfo.trafikverket.se/v2/data.json?ssereqid=56a8612e-c248-4f8a-84da-539e6875735f
2025-01-29 17:42:16,943 - Start v2.1 - Bräkne-Hoby
2025-01-29 17:42:17,584 - Streaming URL: https://api.trafikinfo.trafikverket.se/v2/data.json?ssereqid=646d956f-6e8f-445c-a9f2-7994097b19ad
2025-02-01 11:37:37,805 - TV: Bräkne-Hoby, empty msg: 200
2025-02-10 09:54:17,920 - Start v2.1 - Bräkne-Hoby
2025-02-10 09:54:18,419 - Streaming URL: https://api.trafikinfo.trafikverket.se/v2/data.json?ssereqid=4653c9d9-8cfb-4dd2-9d42-e0ac94952a61
2025-02-19 08:09:49,943 - Start v2.1 - Bräkne-Hoby
2025-02-19 08:09:50,542 - Streaming URL: https://api.trafikinfo.trafikverket.se/v2/data.json?ssereqid=c104995e-4229-403d-8f1d-c3fa1e391688
2025-02-19 14:57:28,223 - Start v2.1 - Bräkne-Hoby
2025-02-19 14:57:28,794 - Streaming URL: https://api.trafikinfo.trafikverket.se/v2/data.json?ssereqid=36546c92-ed0b-49c7-aead-18d8c6721ce9
2025-02-28 09:58:22,867 - Start v2.1 - Bräkne-Hoby
2025-02-28 09:58:23,891 - Streaming URL: https://api.trafikinfo.trafikverket.se/v2/data.json?ssereqid=c3fd500d-3d98-4153-892b-ce16ff1cc533
2025-03-01 01:08:35,196 - Start v2.1 - Bräkne-Hoby
2025-03-01 01:08:35,919 - Streaming URL: https://api.trafikinfo.trafikverket.se/v2/data.json?ssereqid=7bd256bd-57d0-4b17-a1d6-fd4ebdf44faf
2025-03-01 13:32:36,615 - TV: Bräkne-Hoby, empty msg: 200
2025-03-01 16:52:39,308 - TV: Bräkne-Hoby, empty msg: 200
2025-03-08 23:16:49,545 - Start v2.1 - Bräkne-Hoby
2025-03-08 23:16:50,614 - Streaming URL: https://api.trafikinfo.trafikverket.se/v2/data.json?ssereqid=c8f286b8-965a-4cc1-8fbd-6d6c0fb3f854
2025-03-12 14:33:38,921 - Start v2.1 - Bräkne-Hoby
2025-03-12 14:33:59,047 - Error connecting to https://api.trafikinfo.trafikverket.se/v2/data.json
2025-03-12 14:44:10,466 - Start v2.1 - Bräkne-Hoby
2025-03-12 14:44:11,042 - Streaming URL: https://api.trafikinfo.trafikverket.se/v2/data.json?ssereqid=1ca310c2-ff72-4960-be51-bf0884e89cee
2025-03-25 08:17:26,040 - Start v2.1 - Bräkne-Hoby
2025-03-25 08:17:26,229 - Error connecting to https://api.trafikinfo.trafikverket.se/v2/data.json
2025-03-25 14:40:53,065 - Start v2.1 - Bräkne-Hoby
2025-03-25 14:40:54,044 - Streaming URL: https://api.trafikinfo.trafikverket.se/v2/data.json?ssereqid=7617229c-d5e1-4e22-a5bb-1765842080cb
2025-03-28 18:16:05,485 - Start v2.1 - Bräkne-Hoby
2025-03-28 18:16:06,011 - Streaming URL: https://api.trafikinfo.trafikverket.se/v2/data.json?ssereqid=5462ae48-5f10-4a3f-a148-f3221555ecdd
2025-03-29 13:43:52,653 - TV: Bräkne-Hoby, empty msg: 200
2025-03-29 17:03:54,305 - TV: Bräkne-Hoby, empty msg: 200
2025-03-30 17:20:55,727 - Start v2.1 - Bräkne-Hoby
2025-03-30 17:20:56,196 - Streaming URL: https://api.trafikinfo.trafikverket.se/v2/data.json?ssereqid=2a825dcd-47e1-49c7-8a49-a5b05be5d2a6
2025-04-09 17:37:31,143 - Start v2.1 - Bräkne-Hoby
2025-04-09 17:37:31,988 - Streaming URL: https://api.trafikinfo.trafikverket.se/v2/data.json?ssereqid=567f6a9c-1f06-4b7c-8ce6-6986398bdf21
2025-04-11 00:53:07,209 - Start v2.1 - Bräkne-Hoby
2025-04-11 00:53:07,785 - Streaming URL: https://api.trafikinfo.trafikverket.se/v2/data.json?ssereqid=9a6ea3fd-095a-4a0a-8978-6bda95e22c25
2025-04-17 11:24:17,682 - Start v2.1 - Bräkne-Hoby
2025-04-17 11:24:18,350 - Streaming URL: https://api.trafikinfo.trafikverket.se/v2/data.json?ssereqid=3bd41a63-0f11-4122-b051-e34a5ee4131c
2025-04-19 20:53:54,147 - Start v2.1 - Bräkne-Hoby
2025-04-19 20:53:54,765 - Streaming URL: https://api.trafikinfo.trafikverket.se/v2/data.json?ssereqid=c5903e92-f990-49d6-b720-0654bf750d68
2025-04-23 01:35:09,355 - Start v2.1 - Bräkne-Hoby
2025-04-23 01:35:10,437 - Streaming URL: https://api.trafikinfo.trafikverket.se/v2/data.json?ssereqid=c9fa5d98-6cbe-4d01-9617-071e1bdbcd88
2025-04-23 12:17:20,939 - Start v2.1 - Bräkne-Hoby
2025-04-23 12:17:21,477 - Streaming URL: https://api.trafikinfo.trafikverket.se/v2/data.json?ssereqid=d3f8c14e-33e6-40b3-9a29-d454b5935b99
2025-04-26 13:38:12,895 - TV: Bräkne-Hoby, empty msg: 200
2025-04-26 17:00:51,850 - TV: Bräkne-Hoby, empty msg: 200
2025-04-30 20:44:49,910 - Start v2.1 - Bräkne-Hoby
2025-04-30 20:44:50,741 - Streaming URL: https://api.trafikinfo.trafikverket.se/v2/data.json?ssereqid=21eda4b5-ab0a-466c-8603-3ebd0d350d10
2025-05-09 01:55:59,476 - Start v2.1 - Bräkne-Hoby
2025-05-09 01:56:00,468 - Streaming URL: https://api.trafikinfo.trafikverket.se/v2/data.json?ssereqid=9ed36f8c-3170-4833-8917-e4daf4b2df35
2025-05-11 22:07:07,067 - Start v2.1 - Bräkne-Hoby
2025-05-11 22:07:07,905 - Streaming URL: https://api.trafikinfo.trafikverket.se/v2/data.json?ssereqid=6fbf4ec7-9a3f-454a-a959-6f10401127a8
2025-05-16 16:59:02,842 - Start v2.1 - Bräkne-Hoby
2025-05-16 16:59:03,501 - Streaming URL: https://api.trafikinfo.trafikverket.se/v2/data.json?ssereqid=11a12874-806e-4474-98b9-59ccb3df190a
2025-05-23 12:47:07,231 - Start v2.1 - Bräkne-Hoby
2025-05-23 12:47:42,319 - Error connecting to https://api.trafikinfo.trafikverket.se/v2/data.json
2025-05-23 12:57:53,476 - Start v2.1 - Bräkne-Hoby
2025-05-23 12:58:13,572 - Error connecting to https://api.trafikinfo.trafikverket.se/v2/data.json
2025-05-23 13:08:24,943 - Start v2.1 - Bräkne-Hoby
2025-05-23 13:08:55,025 - Error connecting to https://api.trafikinfo.trafikverket.se/v2/data.json
2025-05-23 13:19:06,207 - Start v2.1 - Bräkne-Hoby
2025-05-23 13:19:31,293 - Error connecting to https://api.trafikinfo.trafikverket.se/v2/data.json
2025-05-23 13:29:42,450 - Start v2.1 - Bräkne-Hoby
2025-05-23 13:30:02,529 - Error connecting to https://api.trafikinfo.trafikverket.se/v2/data.json
2025-05-23 13:40:13,707 - Start v2.1 - Bräkne-Hoby
2025-05-23 13:40:23,773 - Error connecting to https://api.trafikinfo.trafikverket.se/v2/data.json
2025-05-23 13:50:29,963 - Start v2.1 - Bräkne-Hoby
2025-05-23 13:50:30,399 - Streaming URL: https://api.trafikinfo.trafikverket.se/v2/data.json?ssereqid=88d30153-69f3-4b79-95fd-d816909a9d57
2025-05-23 14:41:05,517 - Start v2.1 - Bräkne-Hoby
2025-05-23 14:41:06,147 - Streaming URL: https://api.trafikinfo.trafikverket.se/v2/data.json?ssereqid=3ffe8dfd-8c39-4e65-a379-549638cf7421
2025-05-26 20:21:17,515 - Start v2.1 - Bräkne-Hoby
2025-05-26 20:21:18,963 - Streaming URL: https://api.trafikinfo.trafikverket.se/v2/data.json?ssereqid=e621747c-1359-4b3c-9c18-8ce91175c8a9
2025-05-26 20:23:58,347 - Start v2.1 - Bräkne-Hoby
2025-05-26 20:23:58,569 - Error connecting to https://api.trafikinfo.trafikverket.se/v2/data.json
2025-05-26 20:42:45,535 - Start v2.1 - Bräkne-Hoby
2025-05-26 20:42:46,739 - Streaming URL: https://api.trafikinfo.trafikverket.se/v2/data.json?ssereqid=cc2d2fb9-3895-4b08-b6c7-7dd4c33aa059
2025-05-27 21:38:07,152 - Start v2.1 - Bräkne-Hoby
2025-05-27 21:38:07,715 - Streaming URL: https://api.trafikinfo.trafikverket.se/v2/data.json?ssereqid=b85174d0-2492-423e-bb1d-70e07070776d
2025-06-05 12:38:04,159 - Start v2.1 - Bräkne-Hoby
2025-06-05 12:38:04,887 - Streaming URL: https://api.trafikinfo.trafikverket.se/v2/data.json?ssereqid=3c40490a-6b15-41ad-a165-2332bfc309ff
2025-06-15 14:07:08,480 - Start v2.1 - Bräkne-Hoby
2025-06-15 14:07:09,270 - Streaming URL: https://api.trafikinfo.trafikverket.se/v2/data.json?ssereqid=4bb1b7e3-6889-4276-8d60-743808cb160f
2025-06-19 08:58:09,649 - Start v2.1 - Bräkne-Hoby
2025-06-19 08:58:10,111 - Streaming URL: https://api.trafikinfo.trafikverket.se/v2/data.json?ssereqid=e424ed92-5e3e-472c-b31a-677207fc20df
2025-07-04 17:54:53,245 - Start v2.1 - Bräkne-Hoby
2025-07-04 17:54:54,089 - Streaming URL: https://api.trafikinfo.trafikverket.se/v2/data.json?ssereqid=b8268f3a-4e67-428e-ad84-5825a71a2e67
2025-07-11 12:47:10,626 - Start v2.1 - Bräkne-Hoby
2025-07-11 12:47:11,331 - Streaming URL: https://api.trafikinfo.trafikverket.se/v2/data.json?ssereqid=ed1c8cd4-8039-4114-ab88-23af07f904f1
2025-07-21 09:34:07,162 - Start v2.1 - Bräkne-Hoby
2025-07-21 09:34:07,903 - Streaming URL: https://api.trafikinfo.trafikverket.se/v2/data.json?ssereqid=e1d6f3b4-3fd9-4cc2-b954-2923f2685945
2025-08-11 08:53:16,099 - Start v2.1 - Bräkne-Hoby
2025-08-11 08:53:17,067 - Streaming URL: https://api.trafikinfo.trafikverket.se/v2/data.json?ssereqid=745a497b-b430-4ea6-a97f-c38f578af05d
2025-08-14 13:29:10,176 - TV: Bräkne-Hoby, empty msg: 200
2025-08-14 16:56:12,365 - TV: Bräkne-Hoby, empty msg: 200
2025-08-14 20:16:14,183 - TV: Bräkne-Hoby, empty msg: 200
2025-08-14 23:36:15,675 - TV: Bräkne-Hoby, empty msg: 200
2025-08-15 02:56:17,364 - TV: Bräkne-Hoby, empty msg: 200
2025-08-15 06:16:18,918 - TV: Bräkne-Hoby, empty msg: 200
2025-08-15 09:36:20,460 - TV: Bräkne-Hoby, empty msg: 200
2025-08-20 21:56:10,965 - Start v2.1 - Bräkne-Hoby
2025-08-20 21:56:11,530 - Streaming URL: https://api.trafikinfo.trafikverket.se/v2/data.json?ssereqid=9049cca8-2b36-444a-9fdb-45b9bc15dbb0
